    1  ls
    2  mkdir test
    3  ls
    4  cd test
    5  echo "Hello Command Line" >> hello_cli.txt
    6  ls
    7  cat hello_cli.txt
    8  mkdir CS131]
    9  mkdir CS131
   10  cd
   11  cd ~/Desktop
   12  mkdir CS131
   13  git init
   14  mkdir CS131
   15  mkdir CS131
   16  mkdir cs131
   17  mkdir bigdata
   18  git init
   19  cd ~/Desktop
   20  mkdir CS131
   21  cd CS131/
   22  git init
   23  touch abdul.txt
   24  ls
   25  git status
   26  git add abdul.txt
   27  git status
   28  git commit -m "This is my first commit!"
   29  git commit -m "message"
   30  git config
   31  git config --global user.name
   32  git config --global user.name "Abdul"
   33  git config --global user.email "abdulwahababdussamy2000@gmail.com"
   34  git commit -m "your message"
   35  git checkout -b
   36  git branch
   37  git checkout -b newbranch
   38  git branch
   39  git push origin newbranch
   40  git push origin newbranch
   41  git remote add origin
   42  git remote add origin https://github.com/AbdulAbdussamyCode/CS131.git
   43  git push -u origin master
   44  git push origin newbranch
   45  git push origin newbranch
   46  git push -u origin master
   47  git push origin newbranch
   48  git remote add origin https://github.com/AbdulAbdussamyCode/CS131.git
   49  git push -u origin master
   50  git push origin newbranch
   51  git push origin master
   52  git push origin newbranch
   53  git push git@github.com:git/git.git newbranch
   54  git push git@github.com:git/git.git newbranch
   55  git remote add origin https://github.com/AbdulAbdussamyCode/CS131.git
   56  git push -uorigin master
   57  git push -u origin master
   58  branch master set up to track remote branch master from origin
   59  git init
   60  touch README.md
   61  git add README.md
   62  git commit -m "first commit"
   63  git remode add origin https://github.com/AbdulAbdussamyCode/CS131.git
   64  git remote add origin https://github.com/AbdulAbdussamyCode/CS131.git
   65  git push -u origin master
   66  git push -u origin newbranch
   67  git pull origin master
   68  git log
   69  history > cmds.log
   70  push cmds.log -u origin master
   71  git push cmds.log -u origin master
   72  "history > cmds.log"
   73  history > cmds.log
   74  git push cmds.log
   75  git push origin cmds.log
   76  mkdir Worksheet1
   77  history >cmds.log
